[35m[Appium][39m Welcome to Appium v2.5.0
[35m[Appium][39m Non-default server args:
[35m[Appium][39m { basePath: [32m'/wd/hub'[39m, loglevel: [32m'info'[39m, port: [33m62418[39m }
[35m[Appium][39m Attempting to load driver uiautomator2...
[35m[Appium][39m Appium REST http interface listener started on http://0.0.0.0:62418/wd/hub
[35m[Appium][39m You can provide the following URLs in your client code to connect to this server:
[35m[Appium][39m 	http://192.168.167.178:62418/wd/hub
[35m[Appium][39m 	http://127.0.0.1:62418/wd/hub (only accessible from the same host)
[35m[Appium][39m Available drivers:
[35m[Appium][39m   - uiautomator2@3.0.0 (automationName 'UiAutomator2')
[35m[Appium][39m No plugins have been installed. Use the "appium plugin" command to install the one(s) you want to use.
[38;5;0m[HTTP][0m [37m-->[39m [37mGET[39m [37m/wd/hub/status[39m
[38;5;0m[HTTP][0m [90m{}[39m
[38;5;0m[HTTP][0m [37m<-- GET /wd/hub/status [39m[32m200[39m [90m9 ms - 110[39m
[38;5;0m[HTTP][0m [90m[39m
[38;5;0m[HTTP][0m [37m-->[39m [37mGET[39m [37m/wd/hub/status[39m
[38;5;0m[HTTP][0m [90m{}[39m
[38;5;0m[HTTP][0m [37m<-- GET /wd/hub/status [39m[32m200[39m [90m1 ms - 110[39m
[38;5;0m[HTTP][0m [90m[39m
[38;5;0m[HTTP][0m [37m-->[39m [37mPOST[39m [37m/wd/hub/session[39m
[38;5;0m[HTTP][0m [90m{"desiredCapabilities":{"appium:systemPort":8210,"appium:udid":"RRCW201WHAZ","appium:autoGrantPermissions":true,"appium:newCommandTimeout":1800,"appium:platformName":"ANDROID","appium:appActivity":".Settings","appium:deviceName":"samsung SM-S911B (Android 14)","platformName":"Android","appium:automationName":"uiautomator2","appium:platformVersion":"14","appium:appPackage":"com.android.settings"},"capabilities":{"firstMatch":[{"appium:appActivity":".Settings","appium:appPackage":"com.android.settings","appium:autoGrantPermissions":true,"appium:automationName":"uiautomator2","appium:deviceName":"samsung SM-S911B (Android 14)","appium:newCommandTimeout":1800,"appium:platformName":"ANDROID","appium:platformVersion":"14","appium:systemPort":8210,"appium:udid":"RRCW201WHAZ","platformName":"android"}]}}[39m
[38;5;32m[BaseDriver][0m Ignoring capability 'appium:platformName=ANDROID' and using capability 'platformName=android'
[38;5;32m[BaseDriver][0m The capabilities ["platformName"] are standard capabilities and do not require "appium:" prefix
[35m[Appium][39m Attempting to find matching driver for automationName 'uiautomator2' and platformName 'android'
[35m[Appium][39m The 'uiautomator2' driver was installed and matched caps.
[35m[Appium][39m Will require it at C:\Users\masep\.appium\node_modules\appium-uiautomator2-driver
[38;5;16m[AppiumDriver@5027][0m Appium v2.5.0 creating new AndroidUiautomator2Driver (v3.0.0) session
[38;5;16m[AppiumDriver@5027][0m Checking BaseDriver versions for Appium and AndroidUiautomator2Driver
[38;5;16m[AppiumDriver@5027][0m Appium's BaseDriver version is 9.5.1
[38;5;16m[AppiumDriver@5027][0m AndroidUiautomator2Driver's BaseDriver version is 9.5.1
[38;5;48m[AndroidUiautomator2Driver@cb08 (912a5c5b)][0m Session created with session id: 912a5c5b-cfa7-4439-9051-e818236b65bb
[38;5;64m[ADB][0m Found 1 'build-tools' folders under 'C:\Users\masep\.katalon\tools\android_sdk' (newest first):
[38;5;64m[ADB][0m     C:\Users\masep\.katalon\tools\android_sdk\build-tools\29.0.3
[38;5;64m[ADB][0m Using 'adb.exe' from 'C:\Users\masep\.katalon\tools\android_sdk\platform-tools\adb.exe'
[38;5;48m[AndroidUiautomator2Driver@cb08 (912a5c5b)][0m Retrieving device list
[38;5;48m[AndroidUiautomator2Driver@cb08 (912a5c5b)][0m Using device: RRCW201WHAZ
[38;5;64m[ADB][0m Using 'adb.exe' from 'C:\Users\masep\.katalon\tools\android_sdk\platform-tools\adb.exe'
[38;5;48m[AndroidUiautomator2Driver@cb08 (912a5c5b)][0m Starting 'com.android.settings' directly on the device
[38;5;64m[ADB][0m Getting device platform version
[38;5;48m[AndroidUiautomator2Driver@cb08 (912a5c5b)][0m Relaxing hidden api policy
[38;5;48m[AndroidUiautomator2Driver@cb08 (912a5c5b)][0m No app sent in, not parsing package/activity
[38;5;64m[ADB][0m Using 'apksigner.jar' from 'C:\Users\masep\.katalon\tools\android_sdk\build-tools\29.0.3\lib\apksigner.jar'
[38;5;64m[ADB][0m 'C:\Users\masep\.appium\node_modules\appium-uiautomator2-driver\node_modules\appium-uiautomator2-server\apks\appium-uiautomator2-server-debug-androidTest.apk' is signed with the default certificate
[38;5;64m[ADB][0m 'C:\Users\masep\.appium\node_modules\appium-uiautomator2-driver\node_modules\appium-uiautomator2-server\apks\appium-uiautomator2-server-v7.0.0.apk' is signed with the default certificate
[38;5;48m[AndroidUiautomator2Driver@cb08 (912a5c5b)][0m Server packages are not going to be (re)installed
[38;5;64m[ADB][0m Adding packages ["io.appium.settings","io.appium.uiautomator2.server","io.appium.uiautomator2.server.test"] to Doze whitelist
[38;5;48m[AndroidUiautomator2Driver@cb08 (912a5c5b)][0m Starting UIAutomator2 server 7.0.0
[38;5;48m[AndroidUiautomator2Driver@cb08 (912a5c5b)][0m Using UIAutomator2 server from 'C:\Users\masep\.appium\node_modules\appium-uiautomator2-driver\node_modules\appium-uiautomator2-server\apks\appium-uiautomator2-server-v7.0.0.apk' and test from 'C:\Users\masep\.appium\node_modules\appium-uiautomator2-driver\node_modules\appium-uiautomator2-server\apks\appium-uiautomator2-server-debug-androidTest.apk'
[38;5;48m[AndroidUiautomator2Driver@cb08 (912a5c5b)][0m Waiting up to 30000ms for UiAutomator2 to be online...
[38;5;48m[AndroidUiautomator2Driver@cb08 (912a5c5b)][0m socket hang up
[38;5;48m[AndroidUiautomator2Driver@cb08 (912a5c5b)][0m socket hang up
[38;5;48m[AndroidUiautomator2Driver@cb08 (912a5c5b)][0m Determined the downstream protocol as 'W3C'
[38;5;48m[AndroidUiautomator2Driver@cb08 (912a5c5b)][0m Screen already unlocked, doing nothing
[38;5;48m[AndroidUiautomator2Driver@cb08 (912a5c5b)][0m Starting 'com.android.settings/.Settings and waiting for 'com.android.settings/.Settings'
[38;5;16m[AppiumDriver@5027][0m New AndroidUiautomator2Driver session created successfully, session 912a5c5b-cfa7-4439-9051-e818236b65bb added to master session list
[38;5;0m[HTTP][0m [37m<-- POST /wd/hub/session [39m[32m200[39m [90m11015 ms - 1083[39m
[38;5;0m[HTTP][0m [90m[39m
[38;5;0m[HTTP][0m [37m-->[39m [37mGET[39m [37m/wd/hub/session/912a5c5b-cfa7-4439-9051-e818236b65bb[39m
[38;5;0m[HTTP][0m [90m{}[39m
[38;5;0m[HTTP][0m [37m<-- GET /wd/hub/session/912a5c5b-cfa7-4439-9051-e818236b65bb [39m[32m200[39m [90m27 ms - 312[39m
[38;5;0m[HTTP][0m [90m[39m
[38;5;0m[HTTP][0m [37m-->[39m [37mGET[39m [37m/wd/hub/session/912a5c5b-cfa7-4439-9051-e818236b65bb[39m
[38;5;0m[HTTP][0m [90m{}[39m
[38;5;0m[HTTP][0m [37m<-- GET /wd/hub/session/912a5c5b-cfa7-4439-9051-e818236b65bb [39m[32m200[39m [90m22 ms - 312[39m
[38;5;0m[HTTP][0m [90m[39m
[38;5;0m[HTTP][0m [37m-->[39m [37mGET[39m [37m/wd/hub/status[39m
[38;5;0m[HTTP][0m [90m{}[39m
[38;5;0m[HTTP][0m [37m<-- GET /wd/hub/status [39m[32m200[39m [90m3 ms - 110[39m
[38;5;0m[HTTP][0m [90m[39m
[38;5;0m[HTTP][0m [37m-->[39m [37mPOST[39m [37m/wd/hub/session/912a5c5b-cfa7-4439-9051-e818236b65bb/timeouts[39m
[38;5;0m[HTTP][0m [90m{"implicit":60000}[39m
[38;5;0m[HTTP][0m [37m<-- POST /wd/hub/session/912a5c5b-cfa7-4439-9051-e818236b65bb/timeouts [39m[32m200[39m [90m11 ms - 14[39m
[38;5;0m[HTTP][0m [90m[39m
[38;5;0m[HTTP][0m [37m-->[39m [37mGET[39m [37m/wd/hub/session/912a5c5b-cfa7-4439-9051-e818236b65bb/appium/device/system_bars[39m
[38;5;0m[HTTP][0m [90m{}[39m
[38;5;0m[HTTP][0m [37m<-- GET /wd/hub/session/912a5c5b-cfa7-4439-9051-e818236b65bb/appium/device/system_bars [39m[32m200[39m [90m426 ms - 151[39m
[38;5;0m[HTTP][0m [90m[39m
[38;5;0m[HTTP][0m [37m-->[39m [37mPOST[39m [37m/wd/hub/session/912a5c5b-cfa7-4439-9051-e818236b65bb/appium/device/activate_app[39m
[38;5;0m[HTTP][0m [90m{"bundleId":"com.Advantage.aShopping"}[39m
[38;5;0m[HTTP][0m [37m<-- POST /wd/hub/session/912a5c5b-cfa7-4439-9051-e818236b65bb/appium/device/activate_app [39m[32m200[39m [90m688 ms - 14[39m
[38;5;0m[HTTP][0m [90m[39m
[38;5;0m[HTTP][0m [37m-->[39m [37mGET[39m [37m/wd/hub/session/912a5c5b-cfa7-4439-9051-e818236b65bb/source[39m
[38;5;0m[HTTP][0m [90m{}[39m
[38;5;48m[AndroidUiautomator2Driver@cb08 (912a5c5b)][0m Driver proxy active, passing request on via HTTP proxy
[38;5;48m[AndroidUiautomator2Driver@cb08 (912a5c5b)][0m Replacing sessionId b653b1fb-0c9e-4e8c-89c6-e19e8333605b with 912a5c5b-cfa7-4439-9051-e818236b65bb
[38;5;0m[HTTP][0m [37m<-- GET /wd/hub/session/912a5c5b-cfa7-4439-9051-e818236b65bb/source [39m[32m200[39m [90m825 ms - 15553[39m
[38;5;0m[HTTP][0m [90m[39m
[38;5;0m[HTTP][0m [37m-->[39m [37mGET[39m [37m/wd/hub/session/912a5c5b-cfa7-4439-9051-e818236b65bb/screenshot[39m
[38;5;0m[HTTP][0m [90m{}[39m
[38;5;0m[HTTP][0m [37m<-- GET /wd/hub/session/912a5c5b-cfa7-4439-9051-e818236b65bb/screenshot [39m[32m200[39m [90m1349 ms - 2294392[39m
[38;5;0m[HTTP][0m [90m[39m
[38;5;0m[HTTP][0m [37m-->[39m [37mPOST[39m [37m/wd/hub/session/912a5c5b-cfa7-4439-9051-e818236b65bb/elements[39m
[38;5;0m[HTTP][0m [90m{"using":"xpath","value":"//*[@class = 'android.widget.ImageView' and @resource-id = 'com.Advantage.aShopping:id/imageViewMenu' and (@text = '' or . = '')]"}[39m
[38;5;0m[HTTP][0m [37m<-- POST /wd/hub/session/912a5c5b-cfa7-4439-9051-e818236b65bb/elements [39m[32m200[39m [90m997 ms - 139[39m
[38;5;0m[HTTP][0m [90m[39m
[38;5;0m[HTTP][0m [37m-->[39m [37mGET[39m [37m/wd/hub/session/912a5c5b-cfa7-4439-9051-e818236b65bb/window/rect[39m
[38;5;0m[HTTP][0m [90m{}[39m
[38;5;0m[HTTP][0m [37m<-- GET /wd/hub/session/912a5c5b-cfa7-4439-9051-e818236b65bb/window/rect [39m[32m200[39m [90m15 ms - 50[39m
[38;5;0m[HTTP][0m [90m[39m
[38;5;0m[HTTP][0m [37m-->[39m [37mPOST[39m [37m/wd/hub/session/912a5c5b-cfa7-4439-9051-e818236b65bb/elements[39m
[38;5;0m[HTTP][0m [90m{"using":"xpath","value":"//*[@class = 'android.widget.ImageView' and @resource-id = 'com.Advantage.aShopping:id/imageViewMenu' and (@text = '' or . = '')]"}[39m
[38;5;0m[HTTP][0m [37m<-- POST /wd/hub/session/912a5c5b-cfa7-4439-9051-e818236b65bb/elements [39m[32m200[39m [90m167 ms - 139[39m
[38;5;0m[HTTP][0m [90m[39m
[38;5;0m[HTTP][0m [37m-->[39m [37mGET[39m [37m/wd/hub/session/912a5c5b-cfa7-4439-9051-e818236b65bb/element/00000000-0000-0581-ffff-ffff00000018/location[39m
[38;5;0m[HTTP][0m [90m{}[39m
[38;5;48m[AndroidUiautomator2Driver@cb08 (912a5c5b)][0m Driver proxy active, passing request on via HTTP proxy
[38;5;48m[AndroidUiautomator2Driver@cb08 (912a5c5b)][0m Replacing sessionId b653b1fb-0c9e-4e8c-89c6-e19e8333605b with 912a5c5b-cfa7-4439-9051-e818236b65bb
[38;5;0m[HTTP][0m [37m<-- GET /wd/hub/session/912a5c5b-cfa7-4439-9051-e818236b65bb/element/00000000-0000-0581-ffff-ffff00000018/location [39m[32m200[39m [90m30 ms - 75[39m
[38;5;0m[HTTP][0m [90m[39m
[38;5;0m[HTTP][0m [37m-->[39m [37mPOST[39m [37m/wd/hub/session/912a5c5b-cfa7-4439-9051-e818236b65bb/element/00000000-0000-0581-ffff-ffff00000018/click[39m
[38;5;0m[HTTP][0m [90m{"id":"00000000-0000-0581-ffff-ffff00000018"}[39m
[38;5;0m[HTTP][0m [37m<-- POST /wd/hub/session/912a5c5b-cfa7-4439-9051-e818236b65bb/element/00000000-0000-0581-ffff-ffff00000018/click [39m[32m200[39m [90m1007 ms - 14[39m
[38;5;0m[HTTP][0m [90m[39m
[38;5;0m[HTTP][0m [37m-->[39m [37mGET[39m [37m/wd/hub/session/912a5c5b-cfa7-4439-9051-e818236b65bb/source[39m
[38;5;0m[HTTP][0m [90m{}[39m
[38;5;48m[AndroidUiautomator2Driver@cb08 (912a5c5b)][0m Driver proxy active, passing request on via HTTP proxy
[38;5;48m[AndroidUiautomator2Driver@cb08 (912a5c5b)][0m Replacing sessionId b653b1fb-0c9e-4e8c-89c6-e19e8333605b with 912a5c5b-cfa7-4439-9051-e818236b65bb
[38;5;0m[HTTP][0m [37m<-- GET /wd/hub/session/912a5c5b-cfa7-4439-9051-e818236b65bb/source [39m[32m200[39m [90m628 ms - 33452[39m
[38;5;0m[HTTP][0m [90m[39m
[38;5;0m[HTTP][0m [37m-->[39m [37mGET[39m [37m/wd/hub/session/912a5c5b-cfa7-4439-9051-e818236b65bb/screenshot[39m
[38;5;0m[HTTP][0m [90m{}[39m
[38;5;0m[HTTP][0m [37m<-- GET /wd/hub/session/912a5c5b-cfa7-4439-9051-e818236b65bb/screenshot [39m[32m200[39m [90m561 ms - 619520[39m
[38;5;0m[HTTP][0m [90m[39m
[38;5;0m[HTTP][0m [37m-->[39m [37mPOST[39m [37m/wd/hub/session/912a5c5b-cfa7-4439-9051-e818236b65bb/elements[39m
[38;5;0m[HTTP][0m [90m{"using":"xpath","value":"//*[@class = 'android.widget.ImageView' and @resource-id = 'com.Advantage.aShopping:id/imageViewCategory' and (@text = '' or . = '')]"}[39m
[38;5;0m[HTTP][0m [37m<-- POST /wd/hub/session/912a5c5b-cfa7-4439-9051-e818236b65bb/elements [39m[32m200[39m [90m791 ms - 651[39m
[38;5;0m[HTTP][0m [90m[39m
[38;5;0m[HTTP][0m [37m-->[39m [37mPOST[39m [37m/wd/hub/session/912a5c5b-cfa7-4439-9051-e818236b65bb/elements[39m
[38;5;0m[HTTP][0m [90m{"using":"id","value":"com.Advantage.aShopping:id/imageViewCategory"}[39m
[38;5;0m[HTTP][0m [37m<-- POST /wd/hub/session/912a5c5b-cfa7-4439-9051-e818236b65bb/elements [39m[32m200[39m [90m351 ms - 651[39m
[38;5;0m[HTTP][0m [90m[39m
[38;5;0m[HTTP][0m [37m-->[39m [37mPOST[39m [37m/wd/hub/session/912a5c5b-cfa7-4439-9051-e818236b65bb/elements[39m
[38;5;0m[HTTP][0m [90m{"using":"-android uiautomator","value":"new UiSelector().className(\"android.widget.ImageView\").resourceId(\"com.Advantage.aShopping:id/imageViewCategory\")"}[39m
[38;5;0m[HTTP][0m [37m<-- POST /wd/hub/session/912a5c5b-cfa7-4439-9051-e818236b65bb/elements [39m[32m200[39m [90m393 ms - 651[39m
[38;5;0m[HTTP][0m [90m[39m
[38;5;0m[HTTP][0m [37m-->[39m [37mGET[39m [37m/wd/hub/session/912a5c5b-cfa7-4439-9051-e818236b65bb/window/rect[39m
[38;5;0m[HTTP][0m [90m{}[39m
[38;5;0m[HTTP][0m [37m<-- GET /wd/hub/session/912a5c5b-cfa7-4439-9051-e818236b65bb/window/rect [39m[32m200[39m [90m20 ms - 50[39m
[38;5;0m[HTTP][0m [90m[39m
[38;5;0m[HTTP][0m [37m-->[39m [37mPOST[39m [37m/wd/hub/session/912a5c5b-cfa7-4439-9051-e818236b65bb/elements[39m
[38;5;0m[HTTP][0m [90m{"using":"xpath","value":"//hierarchy/android.widget.FrameLayout[1]/android.widget.LinearLayout[1]/android.widget.FrameLayout[1]/android.widget.LinearLayout[1]/android.widget.FrameLayout[1]/androidx.drawerlayout.widget.DrawerLayout[1]/android.view.ViewGroup[1]/android.widget.LinearLayout[2]/android.widget.LinearLayout[1]/androidx.recyclerview.widget.RecyclerView[1]/android.widget.RelativeLayout[1]/android.widget.ImageView[1]"}[39m
[38;5;0m[HTTP][0m [37m<-- POST /wd/hub/session/912a5c5b-cfa7-4439-9051-e818236b65bb/elements [39m[32m200[39m [90m469 ms - 139[39m
[38;5;0m[HTTP][0m [90m[39m
[38;5;0m[HTTP][0m [37m-->[39m [37mGET[39m [37m/wd/hub/session/912a5c5b-cfa7-4439-9051-e818236b65bb/element/00000000-0000-0581-ffff-ffff0000012f/location[39m
[38;5;0m[HTTP][0m [90m{}[39m
[38;5;48m[AndroidUiautomator2Driver@cb08 (912a5c5b)][0m Driver proxy active, passing request on via HTTP proxy
[38;5;48m[AndroidUiautomator2Driver@cb08 (912a5c5b)][0m Replacing sessionId b653b1fb-0c9e-4e8c-89c6-e19e8333605b with 912a5c5b-cfa7-4439-9051-e818236b65bb
[38;5;0m[HTTP][0m [37m<-- GET /wd/hub/session/912a5c5b-cfa7-4439-9051-e818236b65bb/element/00000000-0000-0581-ffff-ffff0000012f/location [39m[32m200[39m [90m134 ms - 76[39m
[38;5;0m[HTTP][0m [90m[39m
[38;5;0m[HTTP][0m [37m-->[39m [37mPOST[39m [37m/wd/hub/session/912a5c5b-cfa7-4439-9051-e818236b65bb/element/00000000-0000-0581-ffff-ffff0000012f/click[39m
[38;5;0m[HTTP][0m [90m{"id":"00000000-0000-0581-ffff-ffff0000012f"}[39m
[38;5;0m[HTTP][0m [37m<-- POST /wd/hub/session/912a5c5b-cfa7-4439-9051-e818236b65bb/element/00000000-0000-0581-ffff-ffff0000012f/click [39m[32m200[39m [90m201 ms - 14[39m
[38;5;0m[HTTP][0m [90m[39m
[38;5;0m[HTTP][0m [37m-->[39m [37mGET[39m [37m/wd/hub/session/912a5c5b-cfa7-4439-9051-e818236b65bb/source[39m
[38;5;0m[HTTP][0m [90m{}[39m
[38;5;48m[AndroidUiautomator2Driver@cb08 (912a5c5b)][0m Driver proxy active, passing request on via HTTP proxy
[38;5;48m[AndroidUiautomator2Driver@cb08 (912a5c5b)][0m Replacing sessionId b653b1fb-0c9e-4e8c-89c6-e19e8333605b with 912a5c5b-cfa7-4439-9051-e818236b65bb
[38;5;0m[HTTP][0m [37m<-- GET /wd/hub/session/912a5c5b-cfa7-4439-9051-e818236b65bb/source [39m[32m200[39m [90m626 ms - 33452[39m
[38;5;0m[HTTP][0m [90m[39m
[38;5;0m[HTTP][0m [37m-->[39m [37mGET[39m [37m/wd/hub/session/912a5c5b-cfa7-4439-9051-e818236b65bb/screenshot[39m
[38;5;0m[HTTP][0m [90m{}[39m
[38;5;0m[HTTP][0m [37m<-- GET /wd/hub/session/912a5c5b-cfa7-4439-9051-e818236b65bb/screenshot [39m[32m200[39m [90m599 ms - 619520[39m
[38;5;0m[HTTP][0m [90m[39m
[38;5;0m[HTTP][0m [37m-->[39m [37mGET[39m [37m/wd/hub/session/912a5c5b-cfa7-4439-9051-e818236b65bb/context[39m
[38;5;0m[HTTP][0m [90m{}[39m
[38;5;0m[HTTP][0m [37m<-- GET /wd/hub/session/912a5c5b-cfa7-4439-9051-e818236b65bb/context [39m[32m200[39m [90m1 ms - 22[39m
[38;5;0m[HTTP][0m [90m[39m
[38;5;0m[HTTP][0m [37m-->[39m [37mGET[39m [37m/wd/hub/session/912a5c5b-cfa7-4439-9051-e818236b65bb/contexts[39m
[38;5;0m[HTTP][0m [90m{}[39m
[38;5;0m[HTTP][0m [37m<-- GET /wd/hub/session/912a5c5b-cfa7-4439-9051-e818236b65bb/contexts [39m[32m200[39m [90m336 ms - 24[39m
[38;5;0m[HTTP][0m [90m[39m
[38;5;0m[HTTP][0m [37m-->[39m [37mPOST[39m [37m/wd/hub/session/912a5c5b-cfa7-4439-9051-e818236b65bb/context[39m
[38;5;0m[HTTP][0m [90m{"name":"NATIVE_APP"}[39m
[38;5;0m[HTTP][0m [37m<-- POST /wd/hub/session/912a5c5b-cfa7-4439-9051-e818236b65bb/context [39m[32m200[39m [90m2 ms - 14[39m
[38;5;0m[HTTP][0m [90m[39m
[38;5;0m[HTTP][0m [37m-->[39m [37mPOST[39m [37m/wd/hub/session/912a5c5b-cfa7-4439-9051-e818236b65bb/appium/device/press_keycode[39m
[38;5;0m[HTTP][0m [90m{"keycode":4}[39m
[38;5;0m[HTTP][0m [37m<-- POST /wd/hub/session/912a5c5b-cfa7-4439-9051-e818236b65bb/appium/device/press_keycode [39m[32m200[39m [90m344 ms - 14[39m
[38;5;0m[HTTP][0m [90m[39m
[38;5;0m[HTTP][0m [37m-->[39m [37mPOST[39m [37m/wd/hub/session/912a5c5b-cfa7-4439-9051-e818236b65bb/context[39m
[38;5;0m[HTTP][0m [90m{"name":"NATIVE_APP"}[39m
[38;5;0m[HTTP][0m [37m<-- POST /wd/hub/session/912a5c5b-cfa7-4439-9051-e818236b65bb/context [39m[32m200[39m [90m1 ms - 14[39m
[38;5;0m[HTTP][0m [90m[39m
[38;5;0m[HTTP][0m [37m-->[39m [37mGET[39m [37m/wd/hub/session/912a5c5b-cfa7-4439-9051-e818236b65bb/source[39m
[38;5;0m[HTTP][0m [90m{}[39m
[38;5;48m[AndroidUiautomator2Driver@cb08 (912a5c5b)][0m Driver proxy active, passing request on via HTTP proxy
[38;5;48m[AndroidUiautomator2Driver@cb08 (912a5c5b)][0m Replacing sessionId b653b1fb-0c9e-4e8c-89c6-e19e8333605b with 912a5c5b-cfa7-4439-9051-e818236b65bb
[38;5;0m[HTTP][0m [37m<-- GET /wd/hub/session/912a5c5b-cfa7-4439-9051-e818236b65bb/source [39m[32m200[39m [90m463 ms - 15553[39m
[38;5;0m[HTTP][0m [90m[39m
[38;5;0m[HTTP][0m [37m-->[39m [37mGET[39m [37m/wd/hub/session/912a5c5b-cfa7-4439-9051-e818236b65bb/screenshot[39m
[38;5;0m[HTTP][0m [90m{}[39m
[38;5;0m[HTTP][0m [37m<-- GET /wd/hub/session/912a5c5b-cfa7-4439-9051-e818236b65bb/screenshot [39m[32m200[39m [90m1278 ms - 2294876[39m
[38;5;0m[HTTP][0m [90m[39m
[38;5;0m[HTTP][0m [37m-->[39m [37mPOST[39m [37m/wd/hub/session/912a5c5b-cfa7-4439-9051-e818236b65bb/elements[39m
[38;5;0m[HTTP][0m [90m{"using":"xpath","value":"//*[@class = 'android.widget.TextView' and (@text = 'LAPTOPS' or . = 'LAPTOPS') and @resource-id = 'com.Advantage.aShopping:id/textViewCategory']"}[39m
[38;5;0m[HTTP][0m [37m<-- POST /wd/hub/session/912a5c5b-cfa7-4439-9051-e818236b65bb/elements [39m[32m200[39m [90m345 ms - 139[39m
[38;5;0m[HTTP][0m [90m[39m
[38;5;0m[HTTP][0m [37m-->[39m [37mGET[39m [37m/wd/hub/session/912a5c5b-cfa7-4439-9051-e818236b65bb/window/rect[39m
[38;5;0m[HTTP][0m [90m{}[39m
[38;5;0m[HTTP][0m [37m<-- GET /wd/hub/session/912a5c5b-cfa7-4439-9051-e818236b65bb/window/rect [39m[32m200[39m [90m17 ms - 50[39m
[38;5;0m[HTTP][0m [90m[39m
[38;5;0m[HTTP][0m [37m-->[39m [37mPOST[39m [37m/wd/hub/session/912a5c5b-cfa7-4439-9051-e818236b65bb/elements[39m
[38;5;0m[HTTP][0m [90m{"using":"xpath","value":"//*[@class = 'android.widget.TextView' and (@text = 'LAPTOPS' or . = 'LAPTOPS') and @resource-id = 'com.Advantage.aShopping:id/textViewCategory']"}[39m
[38;5;0m[HTTP][0m [37m<-- POST /wd/hub/session/912a5c5b-cfa7-4439-9051-e818236b65bb/elements [39m[32m200[39m [90m826 ms - 139[39m
[38;5;0m[HTTP][0m [90m[39m
[38;5;0m[HTTP][0m [37m-->[39m [37mGET[39m [37m/wd/hub/session/912a5c5b-cfa7-4439-9051-e818236b65bb/element/00000000-0000-0581-ffff-ffff00000130/location[39m
[38;5;0m[HTTP][0m [90m{}[39m
[38;5;48m[AndroidUiautomator2Driver@cb08 (912a5c5b)][0m Driver proxy active, passing request on via HTTP proxy
[38;5;48m[AndroidUiautomator2Driver@cb08 (912a5c5b)][0m Replacing sessionId b653b1fb-0c9e-4e8c-89c6-e19e8333605b with 912a5c5b-cfa7-4439-9051-e818236b65bb
[38;5;0m[HTTP][0m [37m<-- GET /wd/hub/session/912a5c5b-cfa7-4439-9051-e818236b65bb/element/00000000-0000-0581-ffff-ffff00000130/location [39m[32m200[39m [90m32 ms - 76[39m
[38;5;0m[HTTP][0m [90m[39m
[38;5;0m[HTTP][0m [37m-->[39m [37mPOST[39m [37m/wd/hub/session/912a5c5b-cfa7-4439-9051-e818236b65bb/element/00000000-0000-0581-ffff-ffff00000130/click[39m
[38;5;0m[HTTP][0m [90m{"id":"00000000-0000-0581-ffff-ffff00000130"}[39m
[38;5;0m[HTTP][0m [37m<-- POST /wd/hub/session/912a5c5b-cfa7-4439-9051-e818236b65bb/element/00000000-0000-0581-ffff-ffff00000130/click [39m[32m200[39m [90m869 ms - 14[39m
[38;5;0m[HTTP][0m [90m[39m
[38;5;0m[HTTP][0m [37m-->[39m [37mGET[39m [37m/wd/hub/session/912a5c5b-cfa7-4439-9051-e818236b65bb/source[39m
[38;5;0m[HTTP][0m [90m{}[39m
[38;5;48m[AndroidUiautomator2Driver@cb08 (912a5c5b)][0m Driver proxy active, passing request on via HTTP proxy
[38;5;48m[AndroidUiautomator2Driver@cb08 (912a5c5b)][0m Replacing sessionId b653b1fb-0c9e-4e8c-89c6-e19e8333605b with 912a5c5b-cfa7-4439-9051-e818236b65bb
[38;5;0m[HTTP][0m [37m<-- GET /wd/hub/session/912a5c5b-cfa7-4439-9051-e818236b65bb/source [39m[32m200[39m [90m910 ms - 20304[39m
[38;5;0m[HTTP][0m [90m[39m
[38;5;0m[HTTP][0m [37m-->[39m [37mGET[39m [37m/wd/hub/session/912a5c5b-cfa7-4439-9051-e818236b65bb/screenshot[39m
[38;5;0m[HTTP][0m [90m{}[39m
[38;5;0m[HTTP][0m [37m<-- GET /wd/hub/session/912a5c5b-cfa7-4439-9051-e818236b65bb/screenshot [39m[32m200[39m [90m398 ms - 234032[39m
[38;5;0m[HTTP][0m [90m[39m
[38;5;0m[HTTP][0m [37m-->[39m [37mPOST[39m [37m/wd/hub/session/912a5c5b-cfa7-4439-9051-e818236b65bb/elements[39m
[38;5;0m[HTTP][0m [90m{"using":"xpath","value":"//*[@class = 'android.widget.ImageView' and @resource-id = 'com.Advantage.aShopping:id/imageViewFilter' and (@text = '' or . = '')]"}[39m
[38;5;0m[HTTP][0m [37m<-- POST /wd/hub/session/912a5c5b-cfa7-4439-9051-e818236b65bb/elements [39m[32m200[39m [90m516 ms - 139[39m
[38;5;0m[HTTP][0m [90m[39m
[38;5;0m[HTTP][0m [37m-->[39m [37mGET[39m [37m/wd/hub/session/912a5c5b-cfa7-4439-9051-e818236b65bb/window/rect[39m
[38;5;0m[HTTP][0m [90m{}[39m
[38;5;0m[HTTP][0m [37m<-- GET /wd/hub/session/912a5c5b-cfa7-4439-9051-e818236b65bb/window/rect [39m[32m200[39m [90m18 ms - 50[39m
[38;5;0m[HTTP][0m [90m[39m
[38;5;0m[HTTP][0m [37m-->[39m [37mPOST[39m [37m/wd/hub/session/912a5c5b-cfa7-4439-9051-e818236b65bb/elements[39m
[38;5;0m[HTTP][0m [90m{"using":"xpath","value":"//*[@class = 'android.widget.ImageView' and @resource-id = 'com.Advantage.aShopping:id/imageViewFilter' and (@text = '' or . = '')]"}[39m
[38;5;0m[HTTP][0m [37m<-- POST /wd/hub/session/912a5c5b-cfa7-4439-9051-e818236b65bb/elements [39m[32m200[39m [90m311 ms - 139[39m
[38;5;0m[HTTP][0m [90m[39m
[38;5;0m[HTTP][0m [37m-->[39m [37mGET[39m [37m/wd/hub/session/912a5c5b-cfa7-4439-9051-e818236b65bb/element/00000000-0000-0581-ffff-ffff00000140/location[39m
[38;5;0m[HTTP][0m [90m{}[39m
[38;5;48m[AndroidUiautomator2Driver@cb08 (912a5c5b)][0m Driver proxy active, passing request on via HTTP proxy
[38;5;48m[AndroidUiautomator2Driver@cb08 (912a5c5b)][0m Replacing sessionId b653b1fb-0c9e-4e8c-89c6-e19e8333605b with 912a5c5b-cfa7-4439-9051-e818236b65bb
[38;5;0m[HTTP][0m [37m<-- GET /wd/hub/session/912a5c5b-cfa7-4439-9051-e818236b65bb/element/00000000-0000-0581-ffff-ffff00000140/location [39m[32m200[39m [90m234 ms - 77[39m
[38;5;0m[HTTP][0m [90m[39m
[38;5;0m[HTTP][0m [37m-->[39m [37mPOST[39m [37m/wd/hub/session/912a5c5b-cfa7-4439-9051-e818236b65bb/element/00000000-0000-0581-ffff-ffff00000140/click[39m
[38;5;0m[HTTP][0m [90m{"id":"00000000-0000-0581-ffff-ffff00000140"}[39m
[38;5;0m[HTTP][0m [37m<-- POST /wd/hub/session/912a5c5b-cfa7-4439-9051-e818236b65bb/element/00000000-0000-0581-ffff-ffff00000140/click [39m[32m200[39m [90m1273 ms - 14[39m
[38;5;0m[HTTP][0m [90m[39m
[38;5;0m[HTTP][0m [37m-->[39m [37mGET[39m [37m/wd/hub/session/912a5c5b-cfa7-4439-9051-e818236b65bb/source[39m
[38;5;0m[HTTP][0m [90m{}[39m
[38;5;48m[AndroidUiautomator2Driver@cb08 (912a5c5b)][0m Driver proxy active, passing request on via HTTP proxy
[38;5;48m[AndroidUiautomator2Driver@cb08 (912a5c5b)][0m Replacing sessionId b653b1fb-0c9e-4e8c-89c6-e19e8333605b with 912a5c5b-cfa7-4439-9051-e818236b65bb
[38;5;0m[HTTP][0m [37m<-- GET /wd/hub/session/912a5c5b-cfa7-4439-9051-e818236b65bb/source [39m[32m200[39m [90m307 ms - 17230[39m
[38;5;0m[HTTP][0m [90m[39m
[38;5;0m[HTTP][0m [37m-->[39m [37mGET[39m [37m/wd/hub/session/912a5c5b-cfa7-4439-9051-e818236b65bb/screenshot[39m
[38;5;0m[HTTP][0m [90m{}[39m
[38;5;0m[HTTP][0m [37m<-- GET /wd/hub/session/912a5c5b-cfa7-4439-9051-e818236b65bb/screenshot [39m[32m200[39m [90m399 ms - 84632[39m
[38;5;0m[HTTP][0m [90m[39m
[38;5;0m[HTTP][0m [37m-->[39m [37mPOST[39m [37m/wd/hub/session/912a5c5b-cfa7-4439-9051-e818236b65bb/elements[39m
[38;5;0m[HTTP][0m [90m{"using":"xpath","value":"//*[@class = 'android.widget.TextView' and (@text = 'BY OPERATING SYSTEM' or . = 'BY OPERATING SYSTEM') and @resource-id = 'com.Advantage.aShopping:id/textViewFilterCategoryTitle']"}[39m
[38;5;0m[HTTP][0m [37m<-- POST /wd/hub/session/912a5c5b-cfa7-4439-9051-e818236b65bb/elements [39m[32m200[39m [90m342 ms - 139[39m
[38;5;0m[HTTP][0m [90m[39m
[38;5;0m[HTTP][0m [37m-->[39m [37mGET[39m [37m/wd/hub/session/912a5c5b-cfa7-4439-9051-e818236b65bb/window/rect[39m
[38;5;0m[HTTP][0m [90m{}[39m
[38;5;0m[HTTP][0m [37m<-- GET /wd/hub/session/912a5c5b-cfa7-4439-9051-e818236b65bb/window/rect [39m[32m200[39m [90m8 ms - 50[39m
[38;5;0m[HTTP][0m [90m[39m
[38;5;0m[HTTP][0m [37m-->[39m [37mPOST[39m [37m/wd/hub/session/912a5c5b-cfa7-4439-9051-e818236b65bb/elements[39m
[38;5;0m[HTTP][0m [90m{"using":"xpath","value":"//*[@class = 'android.widget.TextView' and (@text = 'BY OPERATING SYSTEM' or . = 'BY OPERATING SYSTEM') and @resource-id = 'com.Advantage.aShopping:id/textViewFilterCategoryTitle']"}[39m
[38;5;0m[HTTP][0m [37m<-- POST /wd/hub/session/912a5c5b-cfa7-4439-9051-e818236b65bb/elements [39m[32m200[39m [90m320 ms - 139[39m
[38;5;0m[HTTP][0m [90m[39m
[38;5;0m[HTTP][0m [37m-->[39m [37mGET[39m [37m/wd/hub/session/912a5c5b-cfa7-4439-9051-e818236b65bb/element/00000000-0000-0593-ffff-ffff0000019a/location[39m
[38;5;0m[HTTP][0m [90m{}[39m
[38;5;48m[AndroidUiautomator2Driver@cb08 (912a5c5b)][0m Driver proxy active, passing request on via HTTP proxy
[38;5;48m[AndroidUiautomator2Driver@cb08 (912a5c5b)][0m Replacing sessionId b653b1fb-0c9e-4e8c-89c6-e19e8333605b with 912a5c5b-cfa7-4439-9051-e818236b65bb
[38;5;0m[HTTP][0m [37m<-- GET /wd/hub/session/912a5c5b-cfa7-4439-9051-e818236b65bb/element/00000000-0000-0593-ffff-ffff0000019a/location [39m[32m200[39m [90m524 ms - 77[39m
[38;5;0m[HTTP][0m [90m[39m
[38;5;0m[HTTP][0m [37m-->[39m [37mPOST[39m [37m/wd/hub/session/912a5c5b-cfa7-4439-9051-e818236b65bb/element/00000000-0000-0593-ffff-ffff0000019a/click[39m
[38;5;0m[HTTP][0m [90m{"id":"00000000-0000-0593-ffff-ffff0000019a"}[39m
[38;5;0m[HTTP][0m [37m<-- POST /wd/hub/session/912a5c5b-cfa7-4439-9051-e818236b65bb/element/00000000-0000-0593-ffff-ffff0000019a/click [39m[32m200[39m [90m1180 ms - 14[39m
[38;5;0m[HTTP][0m [90m[39m
[38;5;0m[HTTP][0m [37m-->[39m [37mGET[39m [37m/wd/hub/session/912a5c5b-cfa7-4439-9051-e818236b65bb/source[39m
[38;5;0m[HTTP][0m [90m{}[39m
[38;5;48m[AndroidUiautomator2Driver@cb08 (912a5c5b)][0m Driver proxy active, passing request on via HTTP proxy
[38;5;48m[AndroidUiautomator2Driver@cb08 (912a5c5b)][0m Replacing sessionId b653b1fb-0c9e-4e8c-89c6-e19e8333605b with 912a5c5b-cfa7-4439-9051-e818236b65bb
[38;5;0m[HTTP][0m [37m<-- GET /wd/hub/session/912a5c5b-cfa7-4439-9051-e818236b65bb/source [39m[32m200[39m [90m441 ms - 24667[39m
[38;5;0m[HTTP][0m [90m[39m
[38;5;0m[HTTP][0m [37m-->[39m [37mGET[39m [37m/wd/hub/session/912a5c5b-cfa7-4439-9051-e818236b65bb/screenshot[39m
[38;5;0m[HTTP][0m [90m{}[39m
[38;5;0m[HTTP][0m [37m<-- GET /wd/hub/session/912a5c5b-cfa7-4439-9051-e818236b65bb/screenshot [39m[32m200[39m [90m352 ms - 120912[39m
[38;5;0m[HTTP][0m [90m[39m
[38;5;0m[HTTP][0m [37m-->[39m [37mPOST[39m [37m/wd/hub/session/912a5c5b-cfa7-4439-9051-e818236b65bb/elements[39m
[38;5;0m[HTTP][0m [90m{"using":"xpath","value":"//*[@class = 'android.widget.TextView' and (@text = 'Chrome OS' or . = 'Chrome OS') and @resource-id = 'com.Advantage.aShopping:id/textViewFilterCategoryTitle']"}[39m
[38;5;0m[HTTP][0m [37m<-- POST /wd/hub/session/912a5c5b-cfa7-4439-9051-e818236b65bb/elements [39m[32m200[39m [90m498 ms - 139[39m
[38;5;0m[HTTP][0m [90m[39m
[38;5;0m[HTTP][0m [37m-->[39m [37mGET[39m [37m/wd/hub/session/912a5c5b-cfa7-4439-9051-e818236b65bb/window/rect[39m
[38;5;0m[HTTP][0m [90m{}[39m
[38;5;0m[HTTP][0m [37m<-- GET /wd/hub/session/912a5c5b-cfa7-4439-9051-e818236b65bb/window/rect [39m[32m200[39m [90m7 ms - 50[39m
[38;5;0m[HTTP][0m [90m[39m
[38;5;0m[HTTP][0m [37m-->[39m [37mPOST[39m [37m/wd/hub/session/912a5c5b-cfa7-4439-9051-e818236b65bb/elements[39m
[38;5;0m[HTTP][0m [90m{"using":"xpath","value":"//*[@class = 'android.widget.TextView' and (@text = 'Chrome OS' or . = 'Chrome OS') and @resource-id = 'com.Advantage.aShopping:id/textViewFilterCategoryTitle']"}[39m
[38;5;0m[HTTP][0m [37m<-- POST /wd/hub/session/912a5c5b-cfa7-4439-9051-e818236b65bb/elements [39m[32m200[39m [90m443 ms - 139[39m
[38;5;0m[HTTP][0m [90m[39m
[38;5;0m[HTTP][0m [37m-->[39m [37mGET[39m [37m/wd/hub/session/912a5c5b-cfa7-4439-9051-e818236b65bb/element/00000000-0000-0593-ffff-ffff000001b3/location[39m
[38;5;0m[HTTP][0m [90m{}[39m
[38;5;48m[AndroidUiautomator2Driver@cb08 (912a5c5b)][0m Driver proxy active, passing request on via HTTP proxy
[38;5;48m[AndroidUiautomator2Driver@cb08 (912a5c5b)][0m Replacing sessionId b653b1fb-0c9e-4e8c-89c6-e19e8333605b with 912a5c5b-cfa7-4439-9051-e818236b65bb
[38;5;0m[HTTP][0m [37m<-- GET /wd/hub/session/912a5c5b-cfa7-4439-9051-e818236b65bb/element/00000000-0000-0593-ffff-ffff000001b3/location [39m[32m200[39m [90m30 ms - 77[39m
[38;5;0m[HTTP][0m [90m[39m
[38;5;0m[HTTP][0m [37m-->[39m [37mPOST[39m [37m/wd/hub/session/912a5c5b-cfa7-4439-9051-e818236b65bb/element/00000000-0000-0593-ffff-ffff000001b3/click[39m
[38;5;0m[HTTP][0m [90m{"id":"00000000-0000-0593-ffff-ffff000001b3"}[39m
[38;5;0m[HTTP][0m [37m<-- POST /wd/hub/session/912a5c5b-cfa7-4439-9051-e818236b65bb/element/00000000-0000-0593-ffff-ffff000001b3/click [39m[32m200[39m [90m822 ms - 14[39m
[38;5;0m[HTTP][0m [90m[39m
[38;5;0m[HTTP][0m [37m-->[39m [37mGET[39m [37m/wd/hub/session/912a5c5b-cfa7-4439-9051-e818236b65bb/source[39m
[38;5;0m[HTTP][0m [90m{}[39m
[38;5;48m[AndroidUiautomator2Driver@cb08 (912a5c5b)][0m Driver proxy active, passing request on via HTTP proxy
[38;5;48m[AndroidUiautomator2Driver@cb08 (912a5c5b)][0m Replacing sessionId b653b1fb-0c9e-4e8c-89c6-e19e8333605b with 912a5c5b-cfa7-4439-9051-e818236b65bb
[38;5;0m[HTTP][0m [37m<-- GET /wd/hub/session/912a5c5b-cfa7-4439-9051-e818236b65bb/source [39m[32m200[39m [90m484 ms - 26050[39m
[38;5;0m[HTTP][0m [90m[39m
[38;5;0m[HTTP][0m [37m-->[39m [37mGET[39m [37m/wd/hub/session/912a5c5b-cfa7-4439-9051-e818236b65bb/screenshot[39m
[38;5;0m[HTTP][0m [90m{}[39m
[38;5;0m[HTTP][0m [37m<-- GET /wd/hub/session/912a5c5b-cfa7-4439-9051-e818236b65bb/screenshot [39m[32m200[39m [90m348 ms - 134700[39m
[38;5;0m[HTTP][0m [90m[39m
[38;5;0m[HTTP][0m [37m-->[39m [37mPOST[39m [37m/wd/hub/session/912a5c5b-cfa7-4439-9051-e818236b65bb/elements[39m
[38;5;0m[HTTP][0m [90m{"using":"xpath","value":"//*[@class = 'android.widget.TextView' and (@text = 'Windows 10' or . = 'Windows 10') and @resource-id = 'com.Advantage.aShopping:id/textViewFilterCategoryTitle']"}[39m
[38;5;0m[HTTP][0m [37m<-- POST /wd/hub/session/912a5c5b-cfa7-4439-9051-e818236b65bb/elements [39m[32m200[39m [90m1048 ms - 139[39m
[38;5;0m[HTTP][0m [90m[39m
[38;5;0m[HTTP][0m [37m-->[39m [37mGET[39m [37m/wd/hub/session/912a5c5b-cfa7-4439-9051-e818236b65bb/window/rect[39m
[38;5;0m[HTTP][0m [90m{}[39m
[38;5;0m[HTTP][0m [37m<-- GET /wd/hub/session/912a5c5b-cfa7-4439-9051-e818236b65bb/window/rect [39m[32m200[39m [90m22 ms - 50[39m
[38;5;0m[HTTP][0m [90m[39m
[38;5;0m[HTTP][0m [37m-->[39m [37mPOST[39m [37m/wd/hub/session/912a5c5b-cfa7-4439-9051-e818236b65bb/elements[39m
[38;5;0m[HTTP][0m [90m{"using":"xpath","value":"//*[@class = 'android.widget.TextView' and (@text = 'Windows 10' or . = 'Windows 10') and @resource-id = 'com.Advantage.aShopping:id/textViewFilterCategoryTitle']"}[39m
[38;5;0m[HTTP][0m [37m<-- POST /wd/hub/session/912a5c5b-cfa7-4439-9051-e818236b65bb/elements [39m[32m200[39m [90m323 ms - 139[39m
[38;5;0m[HTTP][0m [90m[39m
[38;5;0m[HTTP][0m [37m-->[39m [37mGET[39m [37m/wd/hub/session/912a5c5b-cfa7-4439-9051-e818236b65bb/element/00000000-0000-0593-ffff-ffff000001b9/location[39m
[38;5;0m[HTTP][0m [90m{}[39m
[38;5;48m[AndroidUiautomator2Driver@cb08 (912a5c5b)][0m Driver proxy active, passing request on via HTTP proxy
[38;5;48m[AndroidUiautomator2Driver@cb08 (912a5c5b)][0m Replacing sessionId b653b1fb-0c9e-4e8c-89c6-e19e8333605b with 912a5c5b-cfa7-4439-9051-e818236b65bb
[38;5;0m[HTTP][0m [37m<-- GET /wd/hub/session/912a5c5b-cfa7-4439-9051-e818236b65bb/element/00000000-0000-0593-ffff-ffff000001b9/location [39m[32m200[39m [90m14 ms - 77[39m
[38;5;0m[HTTP][0m [90m[39m
[38;5;0m[HTTP][0m [37m-->[39m [37mPOST[39m [37m/wd/hub/session/912a5c5b-cfa7-4439-9051-e818236b65bb/element/00000000-0000-0593-ffff-ffff000001b9/click[39m
[38;5;0m[HTTP][0m [90m{"id":"00000000-0000-0593-ffff-ffff000001b9"}[39m
[38;5;0m[HTTP][0m [37m<-- POST /wd/hub/session/912a5c5b-cfa7-4439-9051-e818236b65bb/element/00000000-0000-0593-ffff-ffff000001b9/click [39m[32m200[39m [90m167 ms - 14[39m
[38;5;0m[HTTP][0m [90m[39m
[38;5;0m[HTTP][0m [37m-->[39m [37mGET[39m [37m/wd/hub/session/912a5c5b-cfa7-4439-9051-e818236b65bb/source[39m
[38;5;0m[HTTP][0m [90m{}[39m
[38;5;48m[AndroidUiautomator2Driver@cb08 (912a5c5b)][0m Driver proxy active, passing request on via HTTP proxy
[38;5;48m[AndroidUiautomator2Driver@cb08 (912a5c5b)][0m Replacing sessionId b653b1fb-0c9e-4e8c-89c6-e19e8333605b with 912a5c5b-cfa7-4439-9051-e818236b65bb
[38;5;0m[HTTP][0m [37m<-- GET /wd/hub/session/912a5c5b-cfa7-4439-9051-e818236b65bb/source [39m[32m200[39m [90m953 ms - 26516[39m
[38;5;0m[HTTP][0m [90m[39m
[38;5;0m[HTTP][0m [37m-->[39m [37mGET[39m [37m/wd/hub/session/912a5c5b-cfa7-4439-9051-e818236b65bb/screenshot[39m
[38;5;0m[HTTP][0m [90m{}[39m
[38;5;0m[HTTP][0m [37m<-- GET /wd/hub/session/912a5c5b-cfa7-4439-9051-e818236b65bb/screenshot [39m[32m200[39m [90m369 ms - 138956[39m
[38;5;0m[HTTP][0m [90m[39m
[38;5;0m[HTTP][0m [37m-->[39m [37mPOST[39m [37m/wd/hub/session/912a5c5b-cfa7-4439-9051-e818236b65bb/elements[39m
[38;5;0m[HTTP][0m [90m{"using":"xpath","value":"//*[@class = 'android.widget.TextView' and (@text = 'Windows 7 Professional 64' or . = 'Windows 7 Professional 64') and @resource-id = 'com.Advantage.aShopping:id/textViewFilterCategoryTitle']"}[39m
[38;5;0m[HTTP][0m [37m<-- POST /wd/hub/session/912a5c5b-cfa7-4439-9051-e818236b65bb/elements [39m[32m200[39m [90m540 ms - 139[39m
[38;5;0m[HTTP][0m [90m[39m
[38;5;0m[HTTP][0m [37m-->[39m [37mGET[39m [37m/wd/hub/session/912a5c5b-cfa7-4439-9051-e818236b65bb/window/rect[39m
[38;5;0m[HTTP][0m [90m{}[39m
[38;5;0m[HTTP][0m [37m<-- GET /wd/hub/session/912a5c5b-cfa7-4439-9051-e818236b65bb/window/rect [39m[32m200[39m [90m7 ms - 50[39m
[38;5;0m[HTTP][0m [90m[39m
[38;5;0m[HTTP][0m [37m-->[39m [37mPOST[39m [37m/wd/hub/session/912a5c5b-cfa7-4439-9051-e818236b65bb/elements[39m
[38;5;0m[HTTP][0m [90m{"using":"xpath","value":"//*[@class = 'android.widget.TextView' and (@text = 'Windows 7 Professional 64' or . = 'Windows 7 Professional 64') and @resource-id = 'com.Advantage.aShopping:id/textViewFilterCategoryTitle']"}[39m
[38;5;0m[HTTP][0m [37m<-- POST /wd/hub/session/912a5c5b-cfa7-4439-9051-e818236b65bb/elements [39m[32m200[39m [90m617 ms - 139[39m
[38;5;0m[HTTP][0m [90m[39m
[38;5;0m[HTTP][0m [37m-->[39m [37mGET[39m [37m/wd/hub/session/912a5c5b-cfa7-4439-9051-e818236b65bb/element/00000000-0000-0593-ffff-ffff000001bf/location[39m
[38;5;0m[HTTP][0m [90m{}[39m
[38;5;48m[AndroidUiautomator2Driver@cb08 (912a5c5b)][0m Driver proxy active, passing request on via HTTP proxy
[38;5;48m[AndroidUiautomator2Driver@cb08 (912a5c5b)][0m Replacing sessionId b653b1fb-0c9e-4e8c-89c6-e19e8333605b with 912a5c5b-cfa7-4439-9051-e818236b65bb
[38;5;0m[HTTP][0m [37m<-- GET /wd/hub/session/912a5c5b-cfa7-4439-9051-e818236b65bb/element/00000000-0000-0593-ffff-ffff000001bf/location [39m[32m200[39m [90m517 ms - 77[39m
[38;5;0m[HTTP][0m [90m[39m
[38;5;0m[HTTP][0m [37m-->[39m [37mPOST[39m [37m/wd/hub/session/912a5c5b-cfa7-4439-9051-e818236b65bb/element/00000000-0000-0593-ffff-ffff000001bf/click[39m
[38;5;0m[HTTP][0m [90m{"id":"00000000-0000-0593-ffff-ffff000001bf"}[39m
[38;5;0m[HTTP][0m [37m<-- POST /wd/hub/session/912a5c5b-cfa7-4439-9051-e818236b65bb/element/00000000-0000-0593-ffff-ffff000001bf/click [39m[32m200[39m [90m1076 ms - 14[39m
[38;5;0m[HTTP][0m [90m[39m
[38;5;0m[HTTP][0m [37m-->[39m [37mGET[39m [37m/wd/hub/session/912a5c5b-cfa7-4439-9051-e818236b65bb/source[39m
[38;5;0m[HTTP][0m [90m{}[39m
[38;5;48m[AndroidUiautomator2Driver@cb08 (912a5c5b)][0m Driver proxy active, passing request on via HTTP proxy
[38;5;48m[AndroidUiautomator2Driver@cb08 (912a5c5b)][0m Replacing sessionId b653b1fb-0c9e-4e8c-89c6-e19e8333605b with 912a5c5b-cfa7-4439-9051-e818236b65bb
[38;5;0m[HTTP][0m [37m<-- GET /wd/hub/session/912a5c5b-cfa7-4439-9051-e818236b65bb/source [39m[32m200[39m [90m834 ms - 26984[39m
[38;5;0m[HTTP][0m [90m[39m
[38;5;0m[HTTP][0m [37m-->[39m [37mGET[39m [37m/wd/hub/session/912a5c5b-cfa7-4439-9051-e818236b65bb/screenshot[39m
[38;5;0m[HTTP][0m [90m{}[39m
[38;5;0m[HTTP][0m [37m<-- GET /wd/hub/session/912a5c5b-cfa7-4439-9051-e818236b65bb/screenshot [39m[32m200[39m [90m357 ms - 143036[39m
[38;5;0m[HTTP][0m [90m[39m
[38;5;0m[HTTP][0m [37m-->[39m [37mPOST[39m [37m/wd/hub/session/912a5c5b-cfa7-4439-9051-e818236b65bb/elements[39m
[38;5;0m[HTTP][0m [90m{"using":"xpath","value":"//*[@class = 'android.widget.TextView' and (@text = 'Windows 8.1' or . = 'Windows 8.1') and @resource-id = 'com.Advantage.aShopping:id/textViewFilterCategoryTitle']"}[39m
[38;5;0m[HTTP][0m [37m<-- POST /wd/hub/session/912a5c5b-cfa7-4439-9051-e818236b65bb/elements [39m[32m200[39m [90m559 ms - 139[39m
[38;5;0m[HTTP][0m [90m[39m
[38;5;0m[HTTP][0m [37m-->[39m [37mGET[39m [37m/wd/hub/session/912a5c5b-cfa7-4439-9051-e818236b65bb/window/rect[39m
[38;5;0m[HTTP][0m [90m{}[39m
[38;5;0m[HTTP][0m [37m<-- GET /wd/hub/session/912a5c5b-cfa7-4439-9051-e818236b65bb/window/rect [39m[32m200[39m [90m8 ms - 50[39m
[38;5;0m[HTTP][0m [90m[39m
[38;5;0m[HTTP][0m [37m-->[39m [37mPOST[39m [37m/wd/hub/session/912a5c5b-cfa7-4439-9051-e818236b65bb/elements[39m
[38;5;0m[HTTP][0m [90m{"using":"xpath","value":"//*[@class = 'android.widget.TextView' and (@text = 'Windows 8.1' or . = 'Windows 8.1') and @resource-id = 'com.Advantage.aShopping:id/textViewFilterCategoryTitle']"}[39m
[38;5;0m[HTTP][0m [37m<-- POST /wd/hub/session/912a5c5b-cfa7-4439-9051-e818236b65bb/elements [39m[32m200[39m [90m318 ms - 139[39m
[38;5;0m[HTTP][0m [90m[39m
[38;5;0m[HTTP][0m [37m-->[39m [37mGET[39m [37m/wd/hub/session/912a5c5b-cfa7-4439-9051-e818236b65bb/element/00000000-0000-0593-ffff-ffff000001c5/location[39m
[38;5;0m[HTTP][0m [90m{}[39m
[38;5;48m[AndroidUiautomator2Driver@cb08 (912a5c5b)][0m Driver proxy active, passing request on via HTTP proxy
[38;5;48m[AndroidUiautomator2Driver@cb08 (912a5c5b)][0m Replacing sessionId b653b1fb-0c9e-4e8c-89c6-e19e8333605b with 912a5c5b-cfa7-4439-9051-e818236b65bb
[38;5;0m[HTTP][0m [37m<-- GET /wd/hub/session/912a5c5b-cfa7-4439-9051-e818236b65bb/element/00000000-0000-0593-ffff-ffff000001c5/location [39m[32m200[39m [90m17 ms - 78[39m
[38;5;0m[HTTP][0m [90m[39m
[38;5;0m[HTTP][0m [37m-->[39m [37mPOST[39m [37m/wd/hub/session/912a5c5b-cfa7-4439-9051-e818236b65bb/element/00000000-0000-0593-ffff-ffff000001c5/click[39m
[38;5;0m[HTTP][0m [90m{"id":"00000000-0000-0593-ffff-ffff000001c5"}[39m
[38;5;0m[HTTP][0m [37m<-- POST /wd/hub/session/912a5c5b-cfa7-4439-9051-e818236b65bb/element/00000000-0000-0593-ffff-ffff000001c5/click [39m[32m200[39m [90m169 ms - 14[39m
[38;5;0m[HTTP][0m [90m[39m
[38;5;0m[HTTP][0m [37m-->[39m [37mGET[39m [37m/wd/hub/session/912a5c5b-cfa7-4439-9051-e818236b65bb/source[39m
[38;5;0m[HTTP][0m [90m{}[39m
[38;5;48m[AndroidUiautomator2Driver@cb08 (912a5c5b)][0m Driver proxy active, passing request on via HTTP proxy
[38;5;48m[AndroidUiautomator2Driver@cb08 (912a5c5b)][0m Replacing sessionId b653b1fb-0c9e-4e8c-89c6-e19e8333605b with 912a5c5b-cfa7-4439-9051-e818236b65bb
[38;5;0m[HTTP][0m [37m<-- GET /wd/hub/session/912a5c5b-cfa7-4439-9051-e818236b65bb/source [39m[32m200[39m [90m975 ms - 27452[39m
[38;5;0m[HTTP][0m [90m[39m
[38;5;0m[HTTP][0m [37m-->[39m [37mGET[39m [37m/wd/hub/session/912a5c5b-cfa7-4439-9051-e818236b65bb/screenshot[39m
[38;5;0m[HTTP][0m [90m{}[39m
[38;5;0m[HTTP][0m [37m<-- GET /wd/hub/session/912a5c5b-cfa7-4439-9051-e818236b65bb/screenshot [39m[32m200[39m [90m414 ms - 147632[39m
[38;5;0m[HTTP][0m [90m[39m
[38;5;0m[HTTP][0m [37m-->[39m [37mPOST[39m [37m/wd/hub/session/912a5c5b-cfa7-4439-9051-e818236b65bb/elements[39m
[38;5;0m[HTTP][0m [90m{"using":"xpath","value":"//*[@class = 'android.widget.TextView' and (@text = 'APPLY' or . = 'APPLY') and @resource-id = 'com.Advantage.aShopping:id/textViewApply']"}[39m
[38;5;0m[HTTP][0m [37m<-- POST /wd/hub/session/912a5c5b-cfa7-4439-9051-e818236b65bb/elements [39m[32m200[39m [90m654 ms - 139[39m
[38;5;0m[HTTP][0m [90m[39m
[38;5;0m[HTTP][0m [37m-->[39m [37mGET[39m [37m/wd/hub/session/912a5c5b-cfa7-4439-9051-e818236b65bb/window/rect[39m
[38;5;0m[HTTP][0m [90m{}[39m
[38;5;0m[HTTP][0m [37m<-- GET /wd/hub/session/912a5c5b-cfa7-4439-9051-e818236b65bb/window/rect [39m[32m200[39m [90m18 ms - 50[39m
[38;5;0m[HTTP][0m [90m[39m
[38;5;0m[HTTP][0m [37m-->[39m [37mPOST[39m [37m/wd/hub/session/912a5c5b-cfa7-4439-9051-e818236b65bb/elements[39m
[38;5;0m[HTTP][0m [90m{"using":"xpath","value":"//*[@class = 'android.widget.TextView' and (@text = 'APPLY' or . = 'APPLY') and @resource-id = 'com.Advantage.aShopping:id/textViewApply']"}[39m
[38;5;0m[HTTP][0m [37m<-- POST /wd/hub/session/912a5c5b-cfa7-4439-9051-e818236b65bb/elements [39m[32m200[39m [90m482 ms - 139[39m
[38;5;0m[HTTP][0m [90m[39m
[38;5;0m[HTTP][0m [37m-->[39m [37mGET[39m [37m/wd/hub/session/912a5c5b-cfa7-4439-9051-e818236b65bb/element/00000000-0000-0593-ffff-ffff00000187/location[39m
[38;5;0m[HTTP][0m [90m{}[39m
[38;5;48m[AndroidUiautomator2Driver@cb08 (912a5c5b)][0m Driver proxy active, passing request on via HTTP proxy
[38;5;48m[AndroidUiautomator2Driver@cb08 (912a5c5b)][0m Replacing sessionId b653b1fb-0c9e-4e8c-89c6-e19e8333605b with 912a5c5b-cfa7-4439-9051-e818236b65bb
[38;5;0m[HTTP][0m [37m<-- GET /wd/hub/session/912a5c5b-cfa7-4439-9051-e818236b65bb/element/00000000-0000-0593-ffff-ffff00000187/location [39m[32m200[39m [90m29 ms - 77[39m
[38;5;0m[HTTP][0m [90m[39m
[38;5;0m[HTTP][0m [37m-->[39m [37mPOST[39m [37m/wd/hub/session/912a5c5b-cfa7-4439-9051-e818236b65bb/element/00000000-0000-0593-ffff-ffff00000187/click[39m
[38;5;0m[HTTP][0m [90m{"id":"00000000-0000-0593-ffff-ffff00000187"}[39m
[38;5;0m[HTTP][0m [37m<-- POST /wd/hub/session/912a5c5b-cfa7-4439-9051-e818236b65bb/element/00000000-0000-0593-ffff-ffff00000187/click [39m[32m200[39m [90m841 ms - 14[39m
[38;5;0m[HTTP][0m [90m[39m
[38;5;0m[HTTP][0m [37m-->[39m [37mGET[39m [37m/wd/hub/session/912a5c5b-cfa7-4439-9051-e818236b65bb/source[39m
[38;5;0m[HTTP][0m [90m{}[39m
[38;5;48m[AndroidUiautomator2Driver@cb08 (912a5c5b)][0m Driver proxy active, passing request on via HTTP proxy
[38;5;48m[AndroidUiautomator2Driver@cb08 (912a5c5b)][0m Replacing sessionId b653b1fb-0c9e-4e8c-89c6-e19e8333605b with 912a5c5b-cfa7-4439-9051-e818236b65bb
[38;5;0m[HTTP][0m [37m<-- GET /wd/hub/session/912a5c5b-cfa7-4439-9051-e818236b65bb/source [39m[32m200[39m [90m408 ms - 20761[39m
[38;5;0m[HTTP][0m [90m[39m
[38;5;0m[HTTP][0m [37m-->[39m [37mGET[39m [37m/wd/hub/session/912a5c5b-cfa7-4439-9051-e818236b65bb/screenshot[39m
[38;5;0m[HTTP][0m [90m{}[39m
[38;5;0m[HTTP][0m [37m<-- GET /wd/hub/session/912a5c5b-cfa7-4439-9051-e818236b65bb/screenshot [39m[32m200[39m [90m544 ms - 811044[39m
[38;5;0m[HTTP][0m [90m[39m
[38;5;0m[HTTP][0m [37m-->[39m [37mDELETE[39m [37m/wd/hub/session/912a5c5b-cfa7-4439-9051-e818236b65bb[39m
[38;5;0m[HTTP][0m [90m{}[39m
[38;5;16m[AppiumDriver@5027][0m Removing session 912a5c5b-cfa7-4439-9051-e818236b65bb from our master session list
[38;5;48m[AndroidUiautomator2Driver@cb08 (912a5c5b)][0m Restoring hidden api policy to the device default configuration
[38;5;0m[HTTP][0m [37m<-- DELETE /wd/hub/session/912a5c5b-cfa7-4439-9051-e818236b65bb [39m[32m200[39m [90m863 ms - 14[39m
[38;5;0m[HTTP][0m [90m[39m
